792:43:29.602143 USBPROXY Log continuation - Log started 2024-12-09T09:34:27.240739900Z
792:43:29.775684 USBPROXY usbLibGetDevices: Found 1 USB devices, 0 captured
794:18:29.663526 USBPROXY usbLibGetDevices: Starting USB device enumeration
794:18:29.682026 USBPROXY usbLibGetDevices: Found 1 USB devices, 0 captured
794:18:32.661816 USBPROXY usbLibGetDevices: Starting USB device enumeration
794:18:32.677470 USBPROXY Getting USB descriptor (id 0) failed (dwErr=31) on hub USB#ROOT_HUB30#4&1c077de1&0&0#{f18a0e88-c30c-11d0-8815-00a0c906bed8} port 10
794:18:32.677720 USBPROXY usbLibGetDevices: Found 2 USB devices, 0 captured
794:19:49.571592 USBPROXY usbLibGetDevices: Starting USB device enumeration
794:19:49.588208 USBPROXY Getting USB descriptor (id 0) failed (dwErr=31) on hub USB#ROOT_HUB30#4&1c077de1&0&0#{f18a0e88-c30c-11d0-8815-00a0c906bed8} port 10
794:19:49.589507 USBPROXY usbLibGetDevices: Found 2 USB devices, 0 captured
794:19:56.580740          Saving settings file "C:\Users\Torach\VirtualBox VMs\New group\windows 10\windows 10.vbox" with version "1.19-windows"
794:19:56.602343          Finished saving settings file "C:\Users\Torach\VirtualBox VMs\New group\windows 10\windows 10.vbox"
794:21:08.876880          Saving settings file "C:\Users\Torach\VirtualBox VMs\New group\windows 10\windows 10.vbox" with version "1.19-windows"
794:21:08.882933          Finished saving settings file "C:\Users\Torach\VirtualBox VMs\New group\windows 10\windows 10.vbox"
794:21:08.899327 SaveState Saving settings file "C:\Users\Torach\VirtualBox VMs\New group\windows 10\windows 10.vbox" with version "1.19-windows"
794:21:08.906150 SaveState Finished saving settings file "C:\Users\Torach\VirtualBox VMs\New group\windows 10\windows 10.vbox"
794:22:55.922244          Saving settings file "C:\Users\Torach\VirtualBox VMs\New group\windows\windows.vbox" with version "1.19-windows"
794:22:55.927688          Finished saving settings file "C:\Users\Torach\VirtualBox VMs\New group\windows\windows.vbox"
794:22:55.963128 SaveState Saving settings file "C:\Users\Torach\VirtualBox VMs\New group\windows\windows.vbox" with version "1.19-windows"
794:22:55.969068 SaveState Finished saving settings file "C:\Users\Torach\VirtualBox VMs\New group\windows\windows.vbox"
794:23:01.954374 main     VirtualBox: object deletion starts
794:23:01.954909 main     ERROR [COM]: aRC=VBOX_E_OBJECT_IN_USE (0x80bb000c) aIID={ad47ad09-787b-44ab-b343-a082a3f2dfb1} aComponent={MediumWrap} aText={Medium 'C:\Users\Torach\Desktop\ubuntu 24.02\New group\ubuntu 24.04 LTS\ubuntu 24.04 LTS.vdi' cannot be closed because it is still attached to 1 virtual machines}, preserve=false aResultDetail=0
794:23:01.957139 main     ERROR [COM]: aRC=VBOX_E_OBJECT_IN_USE (0x80bb000c) aIID={ad47ad09-787b-44ab-b343-a082a3f2dfb1} aComponent={MediumWrap} aText={Medium 'C:\Users\Torach\Desktop\ubuntu 24.02 LTS.vdi' cannot be closed because it is still attached to 1 virtual machines}, preserve=false aResultDetail=0
794:23:01.958914 main     ERROR [COM]: aRC=VBOX_E_OBJECT_IN_USE (0x80bb000c) aIID={ad47ad09-787b-44ab-b343-a082a3f2dfb1} aComponent={MediumWrap} aText={Medium 'C:\Users\Torach\VirtualBox VMs\New group\windows\windows.vdi' cannot be closed because it is still attached to 1 virtual machines}, preserve=false aResultDetail=0
794:23:01.959476 main     ERROR [COM]: aRC=VBOX_E_OBJECT_IN_USE (0x80bb000c) aIID={ad47ad09-787b-44ab-b343-a082a3f2dfb1} aComponent={MediumWrap} aText={Medium 'C:\Users\Torach\VirtualBox VMs\New group\windows 10\windows 10.vdi' cannot be closed because it is still attached to 1 virtual machines}, preserve=false aResultDetail=0
794:23:01.964585 main     HostDnsMonitor: shutting down ...
794:23:01.964833 main     HostDnsMonitor: shut down
794:23:01.972299 Watcher  ERROR [COM]: aRC=E_ACCESSDENIED (0x80070005) aIID={7682d5eb-f00e-44f1-8ca2-99d08b1cd607} aComponent={VirtualBoxWrap} aText={The object is not ready}, preserve=false aResultDetail=0
794:23:01.972918 main     VirtualBox: object deleted
